<?xml version="1.0" encoding="UTF-8"?>
<!-- Generated by org.testng.reporters.JUnitReportReporter -->
<testsuite skipped="0" hostname="Ruslans-MBP.fios-router.home" name="com.crm.qa.testcases.HomePageTest" tests="3" failures="0" timestamp="28 Oct 2019 18:40:48 GMT" time="9.697" errors="0">
  <testcase name="verifyHomePageTitleTest" time="2.509" classname="com.crm.qa.testcases.HomePageTest"/>
  <testcase name="verifyUserNameTest" time="3.099" classname="com.crm.qa.testcases.HomePageTest"/>
  <testcase name="verifyContactsLinkTest" time="4.089" classname="com.crm.qa.testcases.HomePageTest"/>
</testsuite> <!-- com.crm.qa.testcases.HomePageTest -->
