<?xml version="1.0" encoding="UTF-8"?>
<!-- Generated by org.testng.reporters.JUnitReportReporter -->
<testsuite skipped="0" hostname="Ruslans-MBP.fios-router.home" name="com.crm.qa.testcases.HomePageTest" tests="3" failures="0" timestamp="23 Oct 2019 23:45:26 GMT" time="9.935" errors="0">
  <testcase name="verifyHomePageTitleTest" time="3.032" classname="com.crm.qa.testcases.HomePageTest"/>
  <testcase name="verifyUserNameTest" time="3.449" classname="com.crm.qa.testcases.HomePageTest"/>
  <testcase name="verifyContactsLinkTest" time="3.454" classname="com.crm.qa.testcases.HomePageTest"/>
</testsuite> <!-- com.crm.qa.testcases.HomePageTest -->
