<?xml version="1.0" encoding="UTF-8"?>
<!-- Generated by org.testng.reporters.JUnitReportReporter -->
<testsuite skipped="0" hostname="Ruslans-MBP.fios-router.home" name="com.crm.qa.testcases.ContactsPageTest" tests="1" failures="0" timestamp="24 Oct 2019 00:29:04 GMT" time="4.681" errors="0">
  <testcase name="verifyContactsPageLabel" time="4.681" classname="com.crm.qa.testcases.ContactsPageTest"/>
</testsuite> <!-- com.crm.qa.testcases.ContactsPageTest -->
